  C:freeglut.dll
  C:glew32.dll
  C:glew32s.dll
  3 File(s) copied
  C:glfw3.dll
  C:glfw3dll.dll
  C:glfw3_mt.dll
  3 File(s) copied
  C:SOIL.dll
  1 File(s) copied
  main.cpp
C:\Users\victo\OneDrive\Documents\Facultate\anul3\sem1\grafica\Laborator\proiect2\main.cpp(52,62): warning C4244: 'initializing': conversion from 'double' to 'float', possible loss of data
C:\Users\victo\OneDrive\Documents\Facultate\anul3\sem1\grafica\Laborator\proiect2\main.cpp(52,26): warning C4244: 'initializing': conversion from 'double' to 'const float', possible loss of data
C:\Users\victo\OneDrive\Documents\Facultate\anul3\sem1\grafica\Laborator\proiect2\main.cpp(54,39): warning C4244: 'initializing': conversion from 'float' to 'int', possible loss of data
C:\Users\victo\OneDrive\Documents\Facultate\anul3\sem1\grafica\Laborator\proiect2\main.cpp(55,39): warning C4244: 'initializing': conversion from 'float' to 'int', possible loss of data
C:\Users\victo\OneDrive\Documents\Facultate\anul3\sem1\grafica\Laborator\proiect2\main.cpp(55,23): warning C4244: 'initializing': conversion from 'float' to 'const int', possible loss of data
C:\Users\victo\OneDrive\Documents\Facultate\anul3\sem1\grafica\Laborator\proiect2\main.cpp(59,21): warning C4244: 'initializing': conversion from 'float' to 'int', possible loss of data
C:\Users\victo\OneDrive\Documents\Facultate\anul3\sem1\grafica\Laborator\proiect2\main.cpp(59,19): warning C4244: 'initializing': conversion from 'float' to 'const int', possible loss of data
C:\Users\victo\OneDrive\Documents\Facultate\anul3\sem1\grafica\Laborator\proiect2\main.cpp(60,19): warning C4244: 'initializing': conversion from 'const float' to 'int', possible loss of data
C:\Users\victo\OneDrive\Documents\Facultate\anul3\sem1\grafica\Laborator\proiect2\main.cpp(60,17): warning C4244: 'initializing': conversion from 'const float' to 'const int', possible loss of data
C:\Users\victo\OneDrive\Documents\Facultate\anul3\sem1\grafica\Laborator\proiect2\main.cpp(62,19): warning C4244: 'initializing': conversion from 'float' to 'int', possible loss of data
C:\Users\victo\OneDrive\Documents\Facultate\anul3\sem1\grafica\Laborator\proiect2\main.cpp(62,15): warning C4244: 'initializing': conversion from 'float' to 'const int', possible loss of data
C:\Users\victo\OneDrive\Documents\Facultate\anul3\sem1\grafica\Laborator\proiect2\main.cpp(336,33): warning C4838: conversion from 'const int' to 'GLfloat' requires a narrowing conversion
C:\Users\victo\OneDrive\Documents\Facultate\anul3\sem1\grafica\Laborator\proiect2\main.cpp(336,33): warning C4244: 'initializing': conversion from 'const int' to 'GLfloat', possible loss of data
C:\Users\victo\OneDrive\Documents\Facultate\anul3\sem1\grafica\Laborator\proiect2\main.cpp(337,18): warning C4838: conversion from 'double' to 'GLfloat' requires a narrowing conversion
C:\Users\victo\OneDrive\Documents\Facultate\anul3\sem1\grafica\Laborator\proiect2\main.cpp(337,18): warning C4244: 'initializing': conversion from 'double' to 'GLfloat', possible loss of data
C:\Users\victo\OneDrive\Documents\Facultate\anul3\sem1\grafica\Laborator\proiect2\main.cpp(337,38): warning C4838: conversion from 'const int' to 'GLfloat' requires a narrowing conversion
C:\Users\victo\OneDrive\Documents\Facultate\anul3\sem1\grafica\Laborator\proiect2\main.cpp(337,38): warning C4244: 'initializing': conversion from 'const int' to 'GLfloat', possible loss of data
C:\Users\victo\OneDrive\Documents\Facultate\anul3\sem1\grafica\Laborator\proiect2\main.cpp(338,16): warning C4838: conversion from 'double' to 'GLfloat' requires a narrowing conversion
C:\Users\victo\OneDrive\Documents\Facultate\anul3\sem1\grafica\Laborator\proiect2\main.cpp(338,16): warning C4244: 'initializing': conversion from 'double' to 'GLfloat', possible loss of data
C:\Users\victo\OneDrive\Documents\Facultate\anul3\sem1\grafica\Laborator\proiect2\main.cpp(338,36): warning C4838: conversion from 'const int' to 'GLfloat' requires a narrowing conversion
C:\Users\victo\OneDrive\Documents\Facultate\anul3\sem1\grafica\Laborator\proiect2\main.cpp(338,36): warning C4244: 'initializing': conversion from 'const int' to 'GLfloat', possible loss of data
C:\Users\victo\OneDrive\Documents\Facultate\anul3\sem1\grafica\Laborator\proiect2\main.cpp(339,31): warning C4838: conversion from 'const int' to 'GLfloat' requires a narrowing conversion
C:\Users\victo\OneDrive\Documents\Facultate\anul3\sem1\grafica\Laborator\proiect2\main.cpp(339,31): warning C4244: 'initializing': conversion from 'const int' to 'GLfloat', possible loss of data
C:\Users\victo\OneDrive\Documents\Facultate\anul3\sem1\grafica\Laborator\proiect2\main.cpp(382,18): warning C4838: conversion from 'int' to 'GLfloat' requires a narrowing conversion
C:\Users\victo\OneDrive\Documents\Facultate\anul3\sem1\grafica\Laborator\proiect2\main.cpp(382,18): warning C4244: 'initializing': conversion from 'int' to 'GLfloat', possible loss of data
C:\Users\victo\OneDrive\Documents\Facultate\anul3\sem1\grafica\Laborator\proiect2\main.cpp(382,23): warning C4838: conversion from 'const int' to 'GLfloat' requires a narrowing conversion
C:\Users\victo\OneDrive\Documents\Facultate\anul3\sem1\grafica\Laborator\proiect2\main.cpp(382,23): warning C4244: 'initializing': conversion from 'const int' to 'GLfloat', possible loss of data
C:\Users\victo\OneDrive\Documents\Facultate\anul3\sem1\grafica\Laborator\proiect2\main.cpp(383,15): warning C4838: conversion from 'int' to 'GLfloat' requires a narrowing conversion
C:\Users\victo\OneDrive\Documents\Facultate\anul3\sem1\grafica\Laborator\proiect2\main.cpp(383,15): warning C4244: 'initializing': conversion from 'int' to 'GLfloat', possible loss of data
C:\Users\victo\OneDrive\Documents\Facultate\anul3\sem1\grafica\Laborator\proiect2\main.cpp(383,21): warning C4838: conversion from 'const int' to 'GLfloat' requires a narrowing conversion
C:\Users\victo\OneDrive\Documents\Facultate\anul3\sem1\grafica\Laborator\proiect2\main.cpp(383,21): warning C4244: 'initializing': conversion from 'const int' to 'GLfloat', possible loss of data
C:\Users\victo\OneDrive\Documents\Facultate\anul3\sem1\grafica\Laborator\proiect2\main.cpp(384,15): warning C4838: conversion from 'int' to 'GLfloat' requires a narrowing conversion
C:\Users\victo\OneDrive\Documents\Facultate\anul3\sem1\grafica\Laborator\proiect2\main.cpp(384,15): warning C4244: 'initializing': conversion from 'int' to 'GLfloat', possible loss of data
C:\Users\victo\OneDrive\Documents\Facultate\anul3\sem1\grafica\Laborator\proiect2\main.cpp(384,21): warning C4838: conversion from 'const int' to 'GLfloat' requires a narrowing conversion
C:\Users\victo\OneDrive\Documents\Facultate\anul3\sem1\grafica\Laborator\proiect2\main.cpp(384,21): warning C4244: 'initializing': conversion from 'const int' to 'GLfloat', possible loss of data
C:\Users\victo\OneDrive\Documents\Facultate\anul3\sem1\grafica\Laborator\proiect2\main.cpp(385,15): warning C4838: conversion from 'int' to 'GLfloat' requires a narrowing conversion
C:\Users\victo\OneDrive\Documents\Facultate\anul3\sem1\grafica\Laborator\proiect2\main.cpp(385,15): warning C4244: 'initializing': conversion from 'int' to 'GLfloat', possible loss of data
C:\Users\victo\OneDrive\Documents\Facultate\anul3\sem1\grafica\Laborator\proiect2\main.cpp(385,20): warning C4838: conversion from 'const int' to 'GLfloat' requires a narrowing conversion
C:\Users\victo\OneDrive\Documents\Facultate\anul3\sem1\grafica\Laborator\proiect2\main.cpp(385,20): warning C4244: 'initializing': conversion from 'const int' to 'GLfloat', possible loss of data
C:\Users\victo\OneDrive\Documents\Facultate\anul3\sem1\grafica\Laborator\proiect2\main.cpp(425,19): warning C4244: '=': conversion from 'int' to 'float', possible loss of data
C:\Users\victo\OneDrive\Documents\Facultate\anul3\sem1\grafica\Laborator\proiect2\main.cpp(425,44): warning C4244: '=': conversion from 'int' to 'float', possible loss of data
C:\Users\victo\OneDrive\Documents\Facultate\anul3\sem1\grafica\Laborator\proiect2\main.cpp(471,51): warning C4244: 'argument': conversion from 'int' to 'float', possible loss of data
C:\Users\victo\OneDrive\Documents\Facultate\anul3\sem1\grafica\Laborator\proiect2\main.cpp(471,18): warning C4244: 'argument': conversion from 'int' to 'float', possible loss of data
C:\Users\victo\OneDrive\Documents\Facultate\anul3\sem1\grafica\Laborator\proiect2\main.cpp(484,51): warning C4244: 'argument': conversion from 'int' to 'float', possible loss of data
C:\Users\victo\OneDrive\Documents\Facultate\anul3\sem1\grafica\Laborator\proiect2\main.cpp(484,18): warning C4244: 'argument': conversion from 'int' to 'float', possible loss of data
  proiect2.vcxproj -> C:\Users\victo\OneDrive\Documents\Facultate\anul3\sem1\grafica\Laborator\proiect2\x64\Debug\proiect2.exe
  0 File(s) copied
  0 File(s) copied
